<?xml version="1.0" encoding="UTF-8"?>
<testng-results ignored="0" total="1" passed="1" failed="0" skipped="0">
  <reporter-output>
  </reporter-output>
  <suite started-at="2024-07-30T00:29:36 IST" name="Default suite" finished-at="2024-07-30T00:29:40 IST" duration-ms="4433">
    <groups>
    </groups>
    <test started-at="2024-07-30T00:29:36 IST" name="Default test" finished-at="2024-07-30T00:29:40 IST" duration-ms="4433">
      <class name="rahulshettyacademy.tests.ErrorValidations">
        <test-method is-config="true" signature="launchApplication()[pri:0, instance:rahulshettyacademy.tests.ErrorValidations@45099dd3]" started-at="2024-07-30T00:29:36 IST" name="launchApplication" finished-at="2024-07-30T00:29:40 IST" duration-ms="3760" status="PASS">
          <reporter-output>
          </reporter-output>
        </test-method> <!-- launchApplication -->
        <test-method signature="errorValidations()[pri:0, instance:rahulshettyacademy.tests.ErrorValidations@45099dd3]" started-at="2024-07-30T00:29:40 IST" name="errorValidations" finished-at="2024-07-30T00:29:40 IST" duration-ms="612" status="PASS">
          <reporter-output>
          </reporter-output>
        </test-method> <!-- errorValidations -->
      </class> <!-- rahulshettyacademy.tests.ErrorValidations -->
    </test> <!-- Default test -->
  </suite> <!-- Default suite -->
</testng-results>
